# JRE version: Java(TM) SE Runtime Environment (8.0_66-b18) (build 1.8.0_66-b18)
# Java VM: Java HotSpot(TM) 64-Bit Server VM (25.66-b18 mixed mode windows-amd64 compressed oops)
Heap:
 PSYoungGen      total 71680K, used 63366K [0x00000000d5d00000, 0x00000000e4100000, 0x0000000100000000)
  eden space 66560K, 90% used [0x00000000d5d00000,0x00000000d97e9160,0x00000000d9e00000)
  from space 5120K, 59% used [0x00000000d9e00000,0x00000000da0f8988,0x00000000da300000)
  to   space 50176K, 0% used [0x00000000e1000000,0x00000000e1000000,0x00000000e4100000)
 ParOldGen       total 100352K, used 100132K [0x0000000081600000, 0x0000000087800000, 0x00000000d5d00000)
  object space 100352K, 99% used [0x0000000081600000,0x00000000877c9020,0x0000000087800000)
 Metaspace       used 21601K, capacity 22580K, committed 22912K, reserved 1069056K
  class space    used 2892K, capacity 3123K, committed 3200K, reserved 1048576K
GC Heap History (10 events):
Event: 1.919 GC heap before
{Heap before GC invocations=2 (full 0):
 PSYoungGen      total 38400K, used 38388K [0x00000000d5d00000, 0x00000000d8780000, 0x0000000100000000)
  eden space 33280K, 100% used [0x00000000d5d00000,0x00000000d7d80000,0x00000000d7d80000)
  from space 5120K, 99% used [0x00000000d7d80000,0x00000000d827d000,0x00000000d8280000)
  to   space 5120K, 0% used [0x00000000d8280000,0x00000000d8280000,0x00000000d8780000)
 ParOldGen       total 87552K, used 2532K [0x0000000081600000, 0x0000000086b80000, 0x00000000d5d00000)
  object space 87552K, 2% used [0x0000000081600000,0x0000000081879128,0x0000000086b80000)
 Metaspace       used 12532K, capacity 12962K, committed 13184K, reserved 1060864K
  class space    used 1420K, capacity 1589K, committed 1664K, reserved 1048576K
Event: 1.928 GC heap after
Heap after GC invocations=2 (full 0):
 PSYoungGen      total 38400K, used 5111K [0x00000000d5d00000, 0x00000000d8780000, 0x0000000100000000)
  eden space 33280K, 0% used [0x00000000d5d00000,0x00000000d5d00000,0x00000000d7d80000)
  from space 5120K, 99% used [0x00000000d8280000,0x00000000d877dd50,0x00000000d8780000)
  to   space 5120K, 0% used [0x00000000d7d80000,0x00000000d7d80000,0x00000000d8280000)
 ParOldGen       total 87552K, used 20494K [0x0000000081600000, 0x0000000086b80000, 0x00000000d5d00000)
  object space 87552K, 23% used [0x0000000081600000,0x0000000082a03908,0x0000000086b80000)
 Metaspace       used 12532K, capacity 12962K, committed 13184K, reserved 1060864K
  class space    used 1420K, capacity 1589K, committed 1664K, reserved 1048576K
}
Event: 2.518 GC heap before
{Heap before GC invocations=3 (full 0):
 PSYoungGen      total 38400K, used 38391K [0x00000000d5d00000, 0x00000000d8780000, 0x0000000100000000)
  eden space 33280K, 100% used [0x00000000d5d00000,0x00000000d7d80000,0x00000000d7d80000)
  from space 5120K, 99% used [0x00000000d8280000,0x00000000d877dd50,0x00000000d8780000)
  to   space 5120K, 0% used [0x00000000d7d80000,0x00000000d7d80000,0x00000000d8280000)
 ParOldGen       total 87552K, used 20494K [0x0000000081600000, 0x0000000086b80000, 0x00000000d5d00000)
  object space 87552K, 23% used [0x0000000081600000,0x0000000082a03908,0x0000000086b80000)
 Metaspace       used 12645K, capacity 13188K, committed 13440K, reserved 1060864K
  class space    used 1428K, capacity 1594K, committed 1664K, reserved 1048576K
Event: 2.528 GC heap after
Heap after GC invocations=3 (full 0):
 PSYoungGen      total 38400K, used 5117K [0x00000000d5d00000, 0x00000000da800000, 0x0000000100000000)
  eden space 33280K, 0% used [0x00000000d5d00000,0x00000000d5d00000,0x00000000d7d80000)
  from space 5120K, 99% used [0x00000000d7d80000,0x00000000d827f688,0x00000000d8280000)
  to   space 5120K, 0% used [0x00000000da300000,0x00000000da300000,0x00000000da800000)
 ParOldGen       total 87552K, used 37878K [0x0000000081600000, 0x0000000086b80000, 0x00000000d5d00000)
  object space 87552K, 43% used [0x0000000081600000,0x0000000083afd9f8,0x0000000086b80000)
 Metaspace       used 12645K, capacity 13188K, committed 13440K, reserved 1060864K
  class space    used 1428K, capacity 1594K, committed 1664K, reserved 1048576K
}
Event: 2.998 GC heap before
{Heap before GC invocations=4 (full 0):
 PSYoungGen      total 38400K, used 38149K [0x00000000d5d00000, 0x00000000da800000, 0x0000000100000000)
  eden space 33280K, 99% used [0x00000000d5d00000,0x00000000d7d420f8,0x00000000d7d80000)
  from space 5120K, 99% used [0x00000000d7d80000,0x00000000d827f688,0x00000000d8280000)
  to   space 5120K, 0% used [0x00000000da300000,0x00000000da300000,0x00000000da800000)
 ParOldGen       total 87552K, used 37878K [0x0000000081600000, 0x0000000086b80000, 0x00000000d5d00000)
  object space 87552K, 43% used [0x0000000081600000,0x0000000083afd9f8,0x0000000086b80000)
 Metaspace       used 12785K, capacity 13300K, committed 13440K, reserved 1060864K
  class space    used 1439K, capacity 1602K, committed 1664K, reserved 1048576K
Event: 3.006 GC heap after
Heap after GC invocations=4 (full 0):
 PSYoungGen      total 71680K, used 5116K [0x00000000d5d00000, 0x00000000da800000, 0x0000000100000000)
  eden space 66560K, 0% used [0x00000000d5d00000,0x00000000d5d00000,0x00000000d9e00000)
  from space 5120K, 99% used [0x00000000da300000,0x00000000da7ff3f0,0x00000000da800000)
  to   space 5120K, 0% used [0x00000000d9e00000,0x00000000d9e00000,0x00000000da300000)
 ParOldGen       total 87552K, used 54023K [0x0000000081600000, 0x0000000086b80000, 0x00000000d5d00000)
  object space 87552K, 61% used [0x0000000081600000,0x0000000084ac1ec8,0x0000000086b80000)
 Metaspace       used 12785K, capacity 13300K, committed 13440K, reserved 1060864K
  class space    used 1439K, capacity 1602K, committed 1664K, reserved 1048576K
}
Event: 4.657 GC heap before
{Heap before GC invocations=5 (full 0):
 PSYoungGen      total 71680K, used 71643K [0x00000000d5d00000, 0x00000000da800000, 0x0000000100000000)
  eden space 66560K, 99% used [0x00000000d5d00000,0x00000000d9df7810,0x00000000d9e00000)
  from space 5120K, 99% used [0x00000000da300000,0x00000000da7ff3f0,0x00000000da800000)
  to   space 5120K, 0% used [0x00000000d9e00000,0x00000000d9e00000,0x00000000da300000)
 ParOldGen       total 87552K, used 54023K [0x0000000081600000, 0x0000000086b80000, 0x00000000d5d00000)
  object space 87552K, 61% used [0x0000000081600000,0x0000000084ac1ec8,0x0000000086b80000)
 Metaspace       used 13498K, capacity 14080K, committed 14336K, reserved 1062912K
  class space    used 1504K, capacity 1678K, committed 1792K, reserved 1048576K
Event: 4.671 GC heap after
Heap after GC invocations=5 (full 0):
 PSYoungGen      total 71680K, used 5118K [0x00000000d5d00000, 0x00000000e4100000, 0x0000000100000000)
  eden space 66560K, 0% used [0x00000000d5d00000,0x00000000d5d00000,0x00000000d9e00000)
  from space 5120K, 99% used [0x00000000d9e00000,0x00000000da2ffaf8,0x00000000da300000)
  to   space 50176K, 0% used [0x00000000e1000000,0x00000000e1000000,0x00000000e4100000)
 ParOldGen       total 100352K, used 100134K [0x0000000081600000, 0x0000000087800000, 0x00000000d5d00000)
  object space 100352K, 99% used [0x0000000081600000,0x00000000877c9998,0x0000000087800000)
 Metaspace       used 13498K, capacity 14080K, committed 14336K, reserved 1062912K
  class space    used 1504K, capacity 1678K, committed 1792K, reserved 1048576K
}
Event: 4.671 GC heap before
{Heap before GC invocations=6 (full 1):
 PSYoungGen      total 71680K, used 5118K [0x00000000d5d00000, 0x00000000e4100000, 0x0000000100000000)
  eden space 66560K, 0% used [0x00000000d5d00000,0x00000000d5d00000,0x00000000d9e00000)
  from space 5120K, 99% used [0x00000000d9e00000,0x00000000da2ffaf8,0x00000000da300000)
  to   space 50176K, 0% used [0x00000000e1000000,0x00000000e1000000,0x00000000e4100000)
 ParOldGen       total 100352K, used 100134K [0x0000000081600000, 0x0000000087800000, 0x00000000d5d00000)
  object space 100352K, 99% used [0x0000000081600000,0x00000000877c9998,0x0000000087800000)
 Metaspace       used 13498K, capacity 14080K, committed 14336K, reserved 1062912K
  class space    used 1504K, capacity 1678K, committed 1792K, reserved 1048576K
Event: 4.718 GC heap after
Heap after GC invocations=6 (full 1):
 PSYoungGen      total 71680K, used 3042K [0x00000000d5d00000, 0x00000000e4100000, 0x0000000100000000)
  eden space 66560K, 0% used [0x00000000d5d00000,0x00000000d5d00000,0x00000000d9e00000)
  from space 5120K, 59% used [0x00000000d9e00000,0x00000000da0f8988,0x00000000da300000)
  to   space 50176K, 0% used [0x00000000e1000000,0x00000000e1000000,0x00000000e4100000)
 ParOldGen       total 100352K, used 100132K [0x0000000081600000, 0x0000000087800000, 0x00000000d5d00000)
  object space 100352K, 99% used [0x0000000081600000,0x00000000877c9020,0x0000000087800000)
 Metaspace       used 13498K, capacity 14080K, committed 14336K, reserved 1062912K
  class space    used 1504K, capacity 1678K, committed 1792K, reserved 1048576K
}

