# JRE version: Java(TM) SE Runtime Environment (8.0_66-b18) (build 1.8.0_66-b18)
# Java VM: Java HotSpot(TM) 64-Bit Server VM (25.66-b18 mixed mode windows-amd64 compressed oops)
Heap:
 PSYoungGen      total 71680K, used 66187K [0x00000000d5d00000, 0x00000000e4100000, 0x0000000100000000)
  eden space 66560K, 95% used [0x00000000d5d00000,0x00000000d9add480,0x00000000d9e00000)
  from space 5120K, 55% used [0x00000000d9e00000,0x00000000da0c5938,0x00000000da300000)
  to   space 50176K, 0% used [0x00000000e1000000,0x00000000e1000000,0x00000000e4100000)
 ParOldGen       total 100352K, used 100338K [0x0000000081600000, 0x0000000087800000, 0x00000000d5d00000)
  object space 100352K, 99% used [0x0000000081600000,0x00000000877fcba8,0x0000000087800000)
 Metaspace       used 22020K, capacity 22974K, committed 23168K, reserved 1069056K
  class space    used 2903K, capacity 3126K, committed 3200K, reserved 1048576K
GC Heap History (10 events):
Event: 1.111 GC heap before
{Heap before GC invocations=2 (full 0):
 PSYoungGen      total 38400K, used 38388K [0x00000000d5d00000, 0x00000000d8780000, 0x0000000100000000)
  eden space 33280K, 100% used [0x00000000d5d00000,0x00000000d7d80000,0x00000000d7d80000)
  from space 5120K, 99% used [0x00000000d7d80000,0x00000000d827d020,0x00000000d8280000)
  to   space 5120K, 0% used [0x00000000d8280000,0x00000000d8280000,0x00000000d8780000)
 ParOldGen       total 87552K, used 2509K [0x0000000081600000, 0x0000000086b80000, 0x00000000d5d00000)
  object space 87552K, 2% used [0x0000000081600000,0x00000000818736a8,0x0000000086b80000)
 Metaspace       used 12518K, capacity 13018K, committed 13184K, reserved 1060864K
  class space    used 1420K, capacity 1589K, committed 1664K, reserved 1048576K
Event: 1.118 GC heap after
Heap after GC invocations=2 (full 0):
 PSYoungGen      total 38400K, used 5112K [0x00000000d5d00000, 0x00000000da800000, 0x0000000100000000)
  eden space 33280K, 0% used [0x00000000d5d00000,0x00000000d5d00000,0x00000000d7d80000)
  from space 5120K, 99% used [0x00000000d8280000,0x00000000d877e050,0x00000000d8780000)
  to   space 5120K, 0% used [0x00000000d7d80000,0x00000000d7d80000,0x00000000d8280000)
 ParOldGen       total 87552K, used 20491K [0x0000000081600000, 0x0000000086b80000, 0x00000000d5d00000)
  object space 87552K, 23% used [0x0000000081600000,0x0000000082a02f88,0x0000000086b80000)
 Metaspace       used 12518K, capacity 13018K, committed 13184K, reserved 1060864K
  class space    used 1420K, capacity 1589K, committed 1664K, reserved 1048576K
}
Event: 1.381 GC heap before
{Heap before GC invocations=3 (full 0):
 PSYoungGen      total 38400K, used 38392K [0x00000000d5d00000, 0x00000000da800000, 0x0000000100000000)
  eden space 33280K, 100% used [0x00000000d5d00000,0x00000000d7d80000,0x00000000d7d80000)
  from space 5120K, 99% used [0x00000000d8280000,0x00000000d877e050,0x00000000d8780000)
  to   space 5120K, 0% used [0x00000000d7d80000,0x00000000d7d80000,0x00000000d8280000)
 ParOldGen       total 87552K, used 20491K [0x0000000081600000, 0x0000000086b80000, 0x00000000d5d00000)
  object space 87552K, 23% used [0x0000000081600000,0x0000000082a02f88,0x0000000086b80000)
 Metaspace       used 12645K, capacity 13180K, committed 13440K, reserved 1060864K
  class space    used 1428K, capacity 1594K, committed 1664K, reserved 1048576K
Event: 1.388 GC heap after
Heap after GC invocations=3 (full 0):
 PSYoungGen      total 38400K, used 5118K [0x00000000d5d00000, 0x00000000da800000, 0x0000000100000000)
  eden space 33280K, 0% used [0x00000000d5d00000,0x00000000d5d00000,0x00000000d7d80000)
  from space 5120K, 99% used [0x00000000d7d80000,0x00000000d827fbc0,0x00000000d8280000)
  to   space 5120K, 0% used [0x00000000da300000,0x00000000da300000,0x00000000da800000)
 ParOldGen       total 87552K, used 37869K [0x0000000081600000, 0x0000000086b80000, 0x00000000d5d00000)
  object space 87552K, 43% used [0x0000000081600000,0x0000000083afb478,0x0000000086b80000)
 Metaspace       used 12645K, capacity 13180K, committed 13440K, reserved 1060864K
  class space    used 1428K, capacity 1594K, committed 1664K, reserved 1048576K
}
Event: 1.612 GC heap before
{Heap before GC invocations=4 (full 0):
 PSYoungGen      total 38400K, used 38398K [0x00000000d5d00000, 0x00000000da800000, 0x0000000100000000)
  eden space 33280K, 100% used [0x00000000d5d00000,0x00000000d7d80000,0x00000000d7d80000)
  from space 5120K, 99% used [0x00000000d7d80000,0x00000000d827fbc0,0x00000000d8280000)
  to   space 5120K, 0% used [0x00000000da300000,0x00000000da300000,0x00000000da800000)
 ParOldGen       total 87552K, used 37869K [0x0000000081600000, 0x0000000086b80000, 0x00000000d5d00000)
  object space 87552K, 43% used [0x0000000081600000,0x0000000083afb478,0x0000000086b80000)
 Metaspace       used 12783K, capacity 13356K, committed 13440K, reserved 1060864K
  class space    used 1439K, capacity 1602K, committed 1664K, reserved 1048576K
Event: 1.619 GC heap after
Heap after GC invocations=4 (full 0):
 PSYoungGen      total 71680K, used 5090K [0x00000000d5d00000, 0x00000000da800000, 0x0000000100000000)
  eden space 66560K, 0% used [0x00000000d5d00000,0x00000000d5d00000,0x00000000d9e00000)
  from space 5120K, 99% used [0x00000000da300000,0x00000000da7f88e8,0x00000000da800000)
  to   space 5120K, 0% used [0x00000000d9e00000,0x00000000d9e00000,0x00000000da300000)
 ParOldGen       total 87552K, used 53974K [0x0000000081600000, 0x0000000086b80000, 0x00000000d5d00000)
  object space 87552K, 61% used [0x0000000081600000,0x0000000084ab5818,0x0000000086b80000)
 Metaspace       used 12783K, capacity 13356K, committed 13440K, reserved 1060864K
  class space    used 1439K, capacity 1602K, committed 1664K, reserved 1048576K
}
Event: 2.576 GC heap before
{Heap before GC invocations=5 (full 0):
 PSYoungGen      total 71680K, used 71591K [0x00000000d5d00000, 0x00000000da800000, 0x0000000100000000)
  eden space 66560K, 99% used [0x00000000d5d00000,0x00000000d9df14c8,0x00000000d9e00000)
  from space 5120K, 99% used [0x00000000da300000,0x00000000da7f88e8,0x00000000da800000)
  to   space 5120K, 0% used [0x00000000d9e00000,0x00000000d9e00000,0x00000000da300000)
 ParOldGen       total 87552K, used 53974K [0x0000000081600000, 0x0000000086b80000, 0x00000000d5d00000)
  object space 87552K, 61% used [0x0000000081600000,0x0000000084ab5818,0x0000000086b80000)
 Metaspace       used 13482K, capacity 14072K, committed 14336K, reserved 1062912K
  class space    used 1504K, capacity 1678K, committed 1792K, reserved 1048576K
Event: 2.621 GC heap after
Heap after GC invocations=5 (full 0):
 PSYoungGen      total 71680K, used 5118K [0x00000000d5d00000, 0x00000000e4100000, 0x0000000100000000)
  eden space 66560K, 0% used [0x00000000d5d00000,0x00000000d5d00000,0x00000000d9e00000)
  from space 5120K, 99% used [0x00000000d9e00000,0x00000000da2ff888,0x00000000da300000)
  to   space 50176K, 0% used [0x00000000e1000000,0x00000000e1000000,0x00000000e4100000)
 ParOldGen       total 100352K, used 100065K [0x0000000081600000, 0x0000000087800000, 0x00000000d5d00000)
  object space 100352K, 99% used [0x0000000081600000,0x00000000877b8470,0x0000000087800000)
 Metaspace       used 13482K, capacity 14072K, committed 14336K, reserved 1062912K
  class space    used 1504K, capacity 1678K, committed 1792K, reserved 1048576K
}
Event: 2.621 GC heap before
{Heap before GC invocations=6 (full 1):
 PSYoungGen      total 71680K, used 5118K [0x00000000d5d00000, 0x00000000e4100000, 0x0000000100000000)
  eden space 66560K, 0% used [0x00000000d5d00000,0x00000000d5d00000,0x00000000d9e00000)
  from space 5120K, 99% used [0x00000000d9e00000,0x00000000da2ff888,0x00000000da300000)
  to   space 50176K, 0% used [0x00000000e1000000,0x00000000e1000000,0x00000000e4100000)
 ParOldGen       total 100352K, used 100065K [0x0000000081600000, 0x0000000087800000, 0x00000000d5d00000)
  object space 100352K, 99% used [0x0000000081600000,0x00000000877b8470,0x0000000087800000)
 Metaspace       used 13482K, capacity 14072K, committed 14336K, reserved 1062912K
  class space    used 1504K, capacity 1678K, committed 1792K, reserved 1048576K
Event: 2.680 GC heap after
Heap after GC invocations=6 (full 1):
 PSYoungGen      total 71680K, used 2838K [0x00000000d5d00000, 0x00000000e4100000, 0x0000000100000000)
  eden space 66560K, 0% used [0x00000000d5d00000,0x00000000d5d00000,0x00000000d9e00000)
  from space 5120K, 55% used [0x00000000d9e00000,0x00000000da0c5938,0x00000000da300000)
  to   space 50176K, 0% used [0x00000000e1000000,0x00000000e1000000,0x00000000e4100000)
 ParOldGen       total 100352K, used 100338K [0x0000000081600000, 0x0000000087800000, 0x00000000d5d00000)
  object space 100352K, 99% used [0x0000000081600000,0x00000000877fcba8,0x0000000087800000)
 Metaspace       used 13482K, capacity 14072K, committed 14336K, reserved 1062912K
  class space    used 1504K, capacity 1678K, committed 1792K, reserved 1048576K
}

